[debug] [2021-11-16T22:53:13.218Z] ----------------------------------------------------------------------
[debug] [2021-11-16T22:53:13.221Z] Command:       C:\Program Files\nodejs\node.exe C:\Users\stive\AppData\Roaming\npm\node_modules\firebase-tools\lib\bin\firebase.js init
[debug] [2021-11-16T22:53:13.221Z] CLI Version:   9.22.0
[debug] [2021-11-16T22:53:13.221Z] Platform:      win32
[debug] [2021-11-16T22:53:13.221Z] Node Version:  v14.18.0
[debug] [2021-11-16T22:53:13.222Z] Time:          Tue Nov 16 2021 17:53:13 GMT-0500 (hora estándar de Colombia)
[debug] [2021-11-16T22:53:13.222Z] ----------------------------------------------------------------------
[debug] 
[debug] [2021-11-16T22:53:13.272Z] > command requires scopes: ["email","openid","https://www.googleapis.com/auth/cloudplatformprojects.readonly","https://www.googleapis.com/auth/firebase","https://www.googleapis.com/auth/cloud-platform"]
[debug] [2021-11-16T22:53:13.272Z] > authorizing via signed-in user (ebohorquezc@uqvirtual.edu.co)
[info] 
     ######## #### ########  ######## ########     ###     ######  ########
     ##        ##  ##     ## ##       ##     ##  ##   ##  ##       ##
     ######    ##  ########  ######   ########  #########  ######  ######
     ##        ##  ##    ##  ##       ##     ## ##     ##       ## ##
     ##       #### ##     ## ######## ########  ##     ##  ######  ########

You're about to initialize a Firebase project in this directory:

  C:\Users\stive\OneDrive\Documentos\PROYECTO SOFTWARE\ProyectoA\Merkcentroapp

Before we get started, keep in mind:

  * You are initializing within an existing Firebase project directory

[info] 
=== Project Setup
[info] 
[info] First, let's associate this project directory with a Firebase project.
[info] You can create multiple project aliases by running firebase use --add, 
[info] but for now we'll just set up a default project.
[info] 
[info] i  .firebaserc already has a default project, using merkacentro-15916. 
[debug] [2021-11-16T22:53:21.574Z] >>> [apiv2][query] GET https://firebase.googleapis.com/v1beta1/projects/merkacentro-15916 [none]
[debug] [2021-11-16T22:53:21.958Z] <<< [apiv2][status] GET https://firebase.googleapis.com/v1beta1/projects/merkacentro-15916 403
[debug] [2021-11-16T22:53:21.959Z] <<< [apiv2][body] GET https://firebase.googleapis.com/v1beta1/projects/merkacentro-15916 {"error":{"code":403,"message":"The caller does not have permission","status":"PERMISSION_DENIED"}}
[debug] [2021-11-16T22:53:21.959Z] HTTP Error: 403, The caller does not have permission
[debug] [2021-11-16T22:53:21.960Z] FirebaseError: HTTP Error: 403, The caller does not have permission
    at module.exports (C:\Users\stive\AppData\Roaming\npm\node_modules\firebase-tools\lib\responseToError.js:38:12)
    at Client.doRequest (C:\Users\stive\AppData\Roaming\npm\node_modules\firebase-tools\lib\apiv2.js:241:23)
    at processTicksAndRejections (internal/process/task_queues.js:95:5)
    at async Client.request (C:\Users\stive\AppData\Roaming\npm\node_modules\firebase-tools\lib\apiv2.js:96:20)
    at async Object.getFirebaseProject (C:\Users\stive\AppData\Roaming\npm\node_modules\firebase-tools\lib\management\projects.js:290:21)
    at async Object.doSetup [as project] (C:\Users\stive\AppData\Roaming\npm\node_modules\firebase-tools\lib\init\features\project.js:77:27)
    at async init (C:\Users\stive\AppData\Roaming\npm\node_modules\firebase-tools\lib\init\index.js:19:9)
[error] 
[error] Error: Failed to get Firebase project merkacentro-15916. Please make sure the project exists and your account has permission to access it.
[debug] [2021-11-16T23:25:34.889Z] ----------------------------------------------------------------------
[debug] [2021-11-16T23:25:34.900Z] Command:       C:\Program Files\nodejs\node.exe C:\Users\stive\AppData\Roaming\npm\node_modules\firebase-tools\lib\bin\firebase.js init
[debug] [2021-11-16T23:25:34.902Z] CLI Version:   9.22.0
[debug] [2021-11-16T23:25:34.902Z] Platform:      win32
[debug] [2021-11-16T23:25:34.902Z] Node Version:  v14.18.0
[debug] [2021-11-16T23:25:35.924Z] Time:          Tue Nov 16 2021 18:25:34 GMT-0500 (hora estándar de Colombia)
[debug] [2021-11-16T23:25:35.924Z] ----------------------------------------------------------------------
[debug] 
[debug] [2021-11-16T23:25:36.560Z] > command requires scopes: ["email","openid","https://www.googleapis.com/auth/cloudplatformprojects.readonly","https://www.googleapis.com/auth/firebase","https://www.googleapis.com/auth/cloud-platform"]
[debug] [2021-11-16T23:25:36.561Z] > authorizing via signed-in user (ebohorquezc@uqvirtual.edu.co)
[info] 
     ######## #### ########  ######## ########     ###     ######  ########
     ##        ##  ##     ## ##       ##     ##  ##   ##  ##       ##
     ######    ##  ########  ######   ########  #########  ######  ######
     ##        ##  ##    ##  ##       ##     ## ##     ##       ## ##
     ##       #### ##     ## ######## ########  ##     ##  ######  ########

You're about to initialize a Firebase project in this directory:

  C:\Users\stive\OneDrive\Documentos\PROYECTO SOFTWARE\ProyectoA\Merkcentroapp

Before we get started, keep in mind:

  * You are initializing within an existing Firebase project directory

[info] 
=== Project Setup
[info] 
[info] First, let's associate this project directory with a Firebase project.
[info] You can create multiple project aliases by running firebase use --add, 
[info] but for now we'll just set up a default project.
[info] 
[info] i  .firebaserc already has a default project, using merkacentro-15916. 
[debug] [2021-11-16T23:30:21.323Z] > refreshing access token with scopes: []
[debug] [2021-11-16T23:30:21.325Z] >>> HTTP REQUEST POST https://www.googleapis.com/oauth2/v3/token  
 <request body omitted>
[debug] [2021-11-16T23:30:23.057Z] <<< HTTP RESPONSE 200 {"cache-control":"no-cache, no-store, max-age=0, must-revalidate","expires":"Mon, 01 Jan 1990 00:00:00 GMT","pragma":"no-cache","date":"Tue, 16 Nov 2021 23:30:17 GMT","content-type":"application/json; charset=utf-8","vary":"X-Origin, Referer, Origin,Accept-Encoding","server":"scaffolding on HTTPServer2","x-xss-protection":"0","x-frame-options":"SAMEORIGIN","x-content-type-options":"nosniff","alt-svc":"h3=\":443\"; ma=2592000,h3-29=\":443\"; ma=2592000,h3-Q050=\":443\"; ma=2592000,h3-Q046=\":443\"; ma=2592000,h3-Q043=\":443\"; ma=2592000,quic=\":443\"; ma=2592000; v=\"46,43\"","accept-ranges":"none","transfer-encoding":"chunked"}
[debug] [2021-11-16T23:30:23.273Z] >>> [apiv2][query] GET https://firebase.googleapis.com/v1beta1/projects/merkacentro-15916 [none]
[debug] [2021-11-16T23:30:24.049Z] <<< [apiv2][status] GET https://firebase.googleapis.com/v1beta1/projects/merkacentro-15916 403
[debug] [2021-11-16T23:30:24.050Z] <<< [apiv2][body] GET https://firebase.googleapis.com/v1beta1/projects/merkacentro-15916 {"error":{"code":403,"message":"The caller does not have permission","status":"PERMISSION_DENIED"}}
[debug] [2021-11-16T23:30:24.051Z] HTTP Error: 403, The caller does not have permission
[debug] [2021-11-16T23:30:24.054Z] FirebaseError: HTTP Error: 403, The caller does not have permission
    at module.exports (C:\Users\stive\AppData\Roaming\npm\node_modules\firebase-tools\lib\responseToError.js:38:12)
    at Client.doRequest (C:\Users\stive\AppData\Roaming\npm\node_modules\firebase-tools\lib\apiv2.js:241:23)
    at processTicksAndRejections (internal/process/task_queues.js:95:5)
    at async Client.request (C:\Users\stive\AppData\Roaming\npm\node_modules\firebase-tools\lib\apiv2.js:96:20)
    at async Object.getFirebaseProject (C:\Users\stive\AppData\Roaming\npm\node_modules\firebase-tools\lib\management\projects.js:290:21)
    at async Object.doSetup [as project] (C:\Users\stive\AppData\Roaming\npm\node_modules\firebase-tools\lib\init\features\project.js:77:27)
    at async init (C:\Users\stive\AppData\Roaming\npm\node_modules\firebase-tools\lib\init\index.js:19:9)
[error] 
[error] Error: Failed to get Firebase project merkacentro-15916. Please make sure the project exists and your account has permission to access it.
